⚠️  [1777990697429-yu6kzfq81] Query lenta detectada: 98435ms em POST /canal-totals
⚠️ [erp-bg] 2026-01-01~2026-01-31 pág 3: read ECONNRESET
⚠️ [erp-bg] 2025-10-01~2025-10-31 pág 2: read ECONNRESET
[dashboard-overview] erro: read ECONNRESET
⚠️  [1777990805558-vkc4ru8dc] Query lenta detectada: 18126ms em GET /dashboard-overview
⚠️ [erp-bg] 2025-11-01~2025-11-30 pág 2: read ECONNRESET
⚠️ [erp-bg] 2025-12-01~2025-12-31 pág 2: read ECONNRESET
❌ Evolution DB pool error: Connection terminated unexpectedly
⚠️ [erp-bg] 2026-02-01~2026-02-28 pág 1: getaddrinfo ENOTFOUND www30.bhan.com.br
⚠️ [erp-bg] 2026-03-01~2026-03-31 pág 1: getaddrinfo ENOTFOUND www30.bhan.com.br
⚠️ [erp-bg] 2026-04-01~2026-04-30 pág 1: getaddrinfo ENOTFOUND www30.bhan.com.br
⚠️ [erp-bg] 2026-05-01~2026-05-05 pág 1: getaddrinfo ENOTFOUND www30.bhan.com.br
⚠️ [erp-bg credev] 2025-06-01~2025-06-30 pág 1: getaddrinfo ENOTFOUND www30.bhan.com.br
⚠️ [erp-bg credev] 2025-07-01~2025-07-31 pág 1: getaddrinfo ENOTFOUND www30.bhan.com.br
⚠️ [erp-bg credev] 2025-08-01~2025-08-31 pág 1: getaddrinfo ENOTFOUND www30.bhan.com.br
⚠️ [erp-bg credev] 2025-09-01~2025-09-30 pág 1: getaddrinfo ENOTFOUND www30.bhan.com.br
⚠️ [erp-bg credev] 2025-10-01~2025-10-31 pág 1: getaddrinfo ENOTFOUND www30.bhan.com.br
⚠️ [erp-bg credev] 2025-11-01~2025-11-30 pág 1: getaddrinfo ENOTFOUND www30.bhan.com.br
⚠️ [erp-bg credev] 2025-12-01~2025-12-31 pág 1: getaddrinfo ENOTFOUND www30.bhan.com.br
⚠️ [erp-bg credev] 2026-01-01~2026-01-31 pág 1: getaddrinfo ENOTFOUND www30.bhan.com.br
⚠️ [erp-bg credev] 2026-02-01~2026-02-28 pág 1: getaddrinfo ENOTFOUND www30.bhan.com.br
⚠️ [erp-bg credev] 2026-03-01~2026-03-31 pág 1: getaddrinfo ENOTFOUND www30.bhan.com.br
⚠️ [erp-bg credev] 2026-04-01~2026-04-30 pág 1: getaddrinfo ENOTFOUND www30.bhan.com.br
⚠️ [erp-bg credev] 2026-05-01~2026-05-05 pág 1: getaddrinfo ENOTFOUND www30.bhan.com.br
[manualTx pg 4] stream has been aborted
[manualTx pg 11] stream has been aborted
[canal-totals invoices] pág 1: stream has been aborted
[canal-totals movement] pág 1: stream has been aborted
⚠️  [1777993122666-bf3axia3x] Query lenta detectada: 1290971ms em POST /canal-totals
⚠️  [1777995149019-nkq3j53ml] Query lenta detectada: 585898ms em GET /dashboard-overview
⚠️  [1777998563806-blyzezodn] Query lenta detectada: 7081ms em POST /leads
⚠️  [1777998563957-i59szce5w] Query lenta detectada: 51352ms em GET /dashboard-overview
⚠️  [1777999394504-2j86veld4] Query lenta detectada: 15956ms em POST /leads
⚠️  [1777999389541-kvbxl5i6m] Query lenta detectada: 67747ms em POST /analytics-por-estado
[analytics] invoices fetch falhou: stream has been aborted
⚠️  [1777999581381-glg5byahp] Query lenta detectada: 6829ms em POST /leads
⚠️  [1777999580859-9csb9dbu5] Query lenta detectada: 47348ms em GET /dashboard-overview
⚠️  [1777999888973-w0kjnfx33] Query lenta detectada: 14030ms em POST /leads
[canal-totals invoices] pág 1: stream has been aborted
⚠️  [1777999391175-9u6at01wp] Query lenta detectada: 784569ms em POST /analytics-por-estado
[canal-totals movement] pág 2: stream has been aborted
⚠️  [1777999885797-ryv9my4zc] Query lenta detectada: 407975ms em POST /analytics-por-estado
⚠️  [1777999888309-mtbvyg46n] Query lenta detectada: 408467ms em POST /analytics-por-estado
[analytics] invoices fetch falhou: stream has been aborted
[canal-totals movement] pág 11: read ECONNRESET
⚠️  [1777999880095-0ibi0loi2] Query lenta detectada: 659278ms em POST /canal-totals
[analytics] lastPurchaseBefore: read ECONNRESET
⚠️  [1778000317707-q9w3v2e3s] Query lenta detectada: 368974ms em POST /analytics-por-estado
⚠️  [1777999393833-sky72dnk3] Query lenta detectada: 1452865ms em POST /analytics-por-estado
⚠️  [1777999882115-m308gcqai] Query lenta detectada: 1172964ms em POST /analytics-por-estado
⚠️  [1778001247015-apnqbvv99] Query lenta detectada: 23147ms em POST /analytics-por-estado
⚠️  [1778001429177-x7x5pixtr] Query lenta detectada: 17216ms em POST /leads
[analytics] invoices fetch falhou: stream has been aborted
⚠️  [1778001424500-l9m64va7t] Query lenta detectada: 284982ms em POST /analytics-por-estado
⚠️  [1778001428742-j208fe2i5] Query lenta detectada: 495295ms em POST /analytics-por-estado
⚠️  [1778002159243-3jqgvgawq] Query lenta detectada: 5159ms em POST /leads
⚠️  [1778002199677-wj6e4ol9p] Query lenta detectada: 15481ms em POST /leads
[analytics] invoices fetch falhou: stream has been aborted
⚠️  [1778002203454-6nu6nnpfo] Query lenta detectada: 315056ms em POST /analytics-por-estado
⚠️  [1778002586000-k5segv1et] Query lenta detectada: 134181ms em POST /analytics-por-estado
⚠️  [1778002591446-o7gpi4fgn] Query lenta detectada: 142869ms em POST /analytics-por-estado
