
> react-vite-tailwind-login@1.0.0 dev
> vite


  [32m[1mVITE[22m v4.5.14[39m  [2mready in [0m[1m2239[22m[2m[0m ms[22m

  [32m➜[39m  [1mLocal[22m:   [36mhttp://localhost:[1m3000[22m/[39m
[2m  [32m➜[39m  [1mNetwork[22m[2m: use [22m[1m--host[22m[2m to expose[22m
[2m17:16:21[22m [36m[1m[vite][22m[39m [32mhmr update [39m[2m/src/App.jsx, /src/index.css[22m
[2m17:16:21[22m [36m[1m[vite][22m[39m [32mhmr update [39m[2m/src/components/Sidebar.jsx, /src/index.css[22m
[2m17:16:21[22m [36m[1m[vite][22m[39m [32mhmr update [39m[2m/src/App.jsx, /src/index.css[22m
[2m17:16:21[22m [36m[1m[vite][22m[39m [32mhmr update [39m[2m/src/App.jsx, /src/index.css[22m
[2m17:16:21[22m [36m[1m[vite][22m[39m [32mpage reload [39m[2msrc/components/crm/PerformanceView.jsx[22m
[2m17:16:21[22m [36m[1m[vite][22m[39m [32mhmr update [39m[2m/src/components/forecast/ComparativoAnual.jsx, /src/index.css[22m
[2m17:16:21[22m [36m[1m[vite][22m[39m [32mpage reload [39m[2msrc/hooks/useApiClient.js[22m
[2m17:16:21[22m [36m[1m[vite][22m[39m [32mhmr update [39m[2m/src/pages/FaturamentoCanal.jsx, /src/index.css[22m
[2m17:16:21[22m [36m[1m[vite][22m[39m [32mhmr update [39m[2m/src/components/Sidebar.jsx, /src/index.css[22m
[2m17:16:21[22m [36m[1m[vite][22m[39m [32mpage reload [39m[2msrc/components/crm/PerformanceView.jsx[22m
[2m17:16:21[22m [36m[1m[vite][22m[39m [32mhmr update [39m[2m/src/components/forecast/ComparativoAnual.jsx, /src/index.css[22m
[2m17:16:21[22m [36m[1m[vite][22m[39m [32mhmr update [39m[2m/src/components/forecast/EnviarWhatsappModal.jsx, /src/index.css[22m
[2m17:16:21[22m [36m[1m[vite][22m[39m [32mhmr update [39m[2m/src/components/forecast/HistoricoMetasModal.jsx, /src/index.css[22m
[2m17:16:21[22m [36m[1m[vite][22m[39m [32mhmr update [39m[2m/src/components/forecast/PlanejamentoMensalModal.jsx, /src/index.css[22m
[2m17:16:21[22m [36m[1m[vite][22m[39m [32mhmr update [39m[2m/src/components/forecast/PromessaMensal.jsx, /src/index.css[22m
[2m17:16:21[22m [36m[1m[vite][22m[39m [32mhmr update [39m[2m/src/components/forecast/PromessaSemanal.jsx, /src/index.css[22m
[2m17:16:21[22m [36m[1m[vite][22m[39m [32mhmr update [39m[2m/src/components/forecast/PromessaVendedores.jsx, /src/index.css[22m
[2m17:16:21[22m [36m[1m[vite][22m[39m [32mpage reload [39m[2msrc/hooks/useApiClient.js[22m
[2m17:16:21[22m [36m[1m[vite][22m[39m [32mhmr update [39m[2m/src/pages/FaturamentoCanal.jsx, /src/index.css[22m
[2m17:16:21[22m [36m[1m[vite][22m[39m [32mhmr update [39m[2m/src/App.jsx, /src/index.css[22m
[2m17:16:40[22m [36m[1m[vite][22m[39m [32mpage reload [39m[2msrc/components/crm/PerformanceView.jsx[22m
[2m17:16:40[22m [36m[1m[vite][22m[39m [32m.env.example changed, restarting server...[39m
[2m17:16:42[22m [36m[1m[vite][22m[39m server restarted.
