
> react-vite-tailwind-login@1.0.0 dev
> vite


  [32m[1mVITE[22m v4.5.14[39m  [2mready in [0m[1m1320[22m[2m[0m ms[22m

  [32m➜[39m  [1mLocal[22m:   [36mhttp://localhost:[1m3000[22m/[39m
[2m  [32m➜[39m  [1mNetwork[22m[2m: use [22m[1m--host[22m[2m to expose[22m
[2m[32m  ➜[39m[22m[2m  press [22m[1mh[22m[2m to show help[22m
Browserslist: browsers data (caniuse-lite) is 10 months old. Please run:
  npx update-browserslist-db@latest
  Why you should do it regularly: https://github.com/browserslist/update-db#readme
[33mfiles in the public directory are served at the root path.
Instead of [36m/public/image (12).png[33m, use [36m/image (12).png[33m.[39m
[33mfiles in the public directory are served at the root path.
Instead of [36m/public/image (12).png[33m, use [36m/image (12).png[33m.[39m
[33mfiles in the public directory are served at the root path.
Instead of [36m/public/image (12).png[33m, use [36m/image (12).png[33m.[39m
[33mfiles in the public directory are served at the root path.
Instead of [36m/public/image (12).png[33m, use [36m/image (12).png[33m.[39m
(node:30420) [DEP0060] DeprecationWarning: The `util._extend` API is deprecated. Please use Object.assign() instead.
(Use `node --trace-deprecation ...` to show where the warning was created)
[33mfiles in the public directory are served at the root path.
Instead of [36m/public/image (12).png[33m, use [36m/image (12).png[33m.[39m
[33mfiles in the public directory are served at the root path.
Instead of [36m/public/image (12).png[33m, use [36m/image (12).png[33m.[39m
[33mfiles in the public directory are served at the root path.
Instead of [36m/public/image (12).png[33m, use [36m/image (12).png[33m.[39m
[33mfiles in the public directory are served at the root path.
Instead of [36m/public/image (12).png[33m, use [36m/image (12).png[33m.[39m
[2m21:04:05[22m [36m[1m[vite][22m[39m [32mhmr update [39m[2m/src/pages/VoucherUsage.jsx, /src/index.css[22m
[2m21:04:05[22m [36m[1m[vite][22m[39m [32mvite.config.js changed, restarting server...[39m
[2m21:04:06[22m [36m[1m[vite][22m[39m [32mhmr update [39m[2m/src/pages/VoucherUsage.jsx, /src/index.css[22m
[2m21:04:06[22m [36m[1m[vite][22m[39m [32mvite.config.js changed, restarting server...[39m
[2m21:04:07[22m [36m[1m[vite][22m[39m server restarted.
[33mfiles in the public directory are served at the root path.
Instead of [36m/public/image (12).png[33m, use [36m/image (12).png[33m.[39m
[33mfiles in the public directory are served at the root path.
Instead of [36m/public/image (12).png[33m, use [36m/image (12).png[33m.[39m
[33mfiles in the public directory are served at the root path.
Instead of [36m/public/image (12).png[33m, use [36m/image (12).png[33m.[39m
[33mfiles in the public directory are served at the root path.
Instead of [36m/public/image (12).png[33m, use [36m/image (12).png[33m.[39m
[33mfiles in the public directory are served at the root path.
Instead of [36m/public/image (12).png[33m, use [36m/image (12).png[33m.[39m
[33mfiles in the public directory are served at the root path.
Instead of [36m/public/image (12).png[33m, use [36m/image (12).png[33m.[39m
[33mfiles in the public directory are served at the root path.
Instead of [36m/public/image (12).png[33m, use [36m/image (12).png[33m.[39m
[33mfiles in the public directory are served at the root path.
Instead of [36m/public/image (12).png[33m, use [36m/image (12).png[33m.[39m
[2m21:12:37[22m [36m[1m[vite][22m[39m [32mhmr update [39m[2m/src/pages/VoucherUsage.jsx, /src/index.css[22m
[2m21:12:37[22m [36m[1m[vite][22m[39m [32mhmr update [39m[2m/src/pages/VoucherUsage.jsx, /src/index.css[22m
[2m22:30:15[22m [36m[1m[vite][22m[39m [32mhmr update [39m[2m/src/pages/VoucherUsage.jsx, /src/index.css[22m
[2m22:30:16[22m [36m[1m[vite][22m[39m [32mhmr update [39m[2m/src/pages/VoucherUsage.jsx, /src/index.css[22m
[33mfiles in the public directory are served at the root path.
Instead of [36m/public/image (12).png[33m, use [36m/image (12).png[33m.[39m
[33mfiles in the public directory are served at the root path.
Instead of [36m/public/image (12).png[33m, use [36m/image (12).png[33m.[39m
[33mfiles in the public directory are served at the root path.
Instead of [36m/public/image (12).png[33m, use [36m/image (12).png[33m.[39m
[33mfiles in the public directory are served at the root path.
Instead of [36m/public/image (12).png[33m, use [36m/image (12).png[33m.[39m
[33mfiles in the public directory are served at the root path.
Instead of [36m/public/image (12).png[33m, use [36m/image (12).png[33m.[39m
[33mfiles in the public directory are served at the root path.
Instead of [36m/public/image (12).png[33m, use [36m/image (12).png[33m.[39m
[33mfiles in the public directory are served at the root path.
Instead of [36m/public/image (12).png[33m, use [36m/image (12).png[33m.[39m
[33mfiles in the public directory are served at the root path.
Instead of [36m/public/image (12).png[33m, use [36m/image (12).png[33m.[39m
[33mfiles in the public directory are served at the root path.
Instead of [36m/public/image (12).png[33m, use [36m/image (12).png[33m.[39m
[33mfiles in the public directory are served at the root path.
Instead of [36m/public/image (12).png[33m, use [36m/image (12).png[33m.[39m
[33mfiles in the public directory are served at the root path.
Instead of [36m/public/image (12).png[33m, use [36m/image (12).png[33m.[39m
[33mfiles in the public directory are served at the root path.
Instead of [36m/public/image (12).png[33m, use [36m/image (12).png[33m.[39m
[33mfiles in the public directory are served at the root path.
Instead of [36m/public/image (12).png[33m, use [36m/image (12).png[33m.[39m
[33mfiles in the public directory are served at the root path.
Instead of [36m/public/image (12).png[33m, use [36m/image (12).png[33m.[39m
[33mfiles in the public directory are served at the root path.
Instead of [36m/public/image (12).png[33m, use [36m/image (12).png[33m.[39m
[33mfiles in the public directory are served at the root path.
Instead of [36m/public/image (12).png[33m, use [36m/image (12).png[33m.[39m
[33mfiles in the public directory are served at the root path.
Instead of [36m/public/image (12).png[33m, use [36m/image (12).png[33m.[39m
[33mfiles in the public directory are served at the root path.
Instead of [36m/public/image (12).png[33m, use [36m/image (12).png[33m.[39m
[33mfiles in the public directory are served at the root path.
Instead of [36m/public/image (12).png[33m, use [36m/image (12).png[33m.[39m
[33mfiles in the public directory are served at the root path.
Instead of [36m/public/image (12).png[33m, use [36m/image (12).png[33m.[39m
[2m08:55:10[22m [36m[1m[vite][22m[39m [32mhmr update [39m[2m/src/pages/VoucherUsage.jsx, /src/index.css[22m
[2m08:55:10[22m [36m[1m[vite][22m[39m [32mhmr update [39m[2m/src/pages/VoucherUsage.jsx, /src/index.css[22m
[33mfiles in the public directory are served at the root path.
Instead of [36m/public/image (12).png[33m, use [36m/image (12).png[33m.[39m
[33mfiles in the public directory are served at the root path.
Instead of [36m/public/image (12).png[33m, use [36m/image (12).png[33m.[39m
[33mfiles in the public directory are served at the root path.
Instead of [36m/public/image (12).png[33m, use [36m/image (12).png[33m.[39m
[33mfiles in the public directory are served at the root path.
Instead of [36m/public/image (12).png[33m, use [36m/image (12).png[33m.[39m
[2m08:59:12[22m [36m[1m[vite][22m[39m [32mhmr update [39m[2m/src/pages/VoucherUsage.jsx, /src/index.css[22m
[2m08:59:12[22m [36m[1m[vite][22m[39m [32mhmr update [39m[2m/src/pages/VoucherUsage.jsx, /src/index.css[22m
