{"level":"INFO","message":"Chrome via puppeteer.executablePath(): C:\\Users\\teccr\\gestaocrosby\\backend\\.cache\\puppeteer\\chrome\\win64-146.0.7680.153\\chrome-win64\\chrome.exe","data":{},"timestamp":"2026-05-04T11:22:01.909Z"}
ūüíĺ [erp-cache] Cache em disco expirado, ignorando.
‚úÖ Server running on port 4001
ūüĆć Environment: development
{"level":"INFO","message":"ūüöÄ Inicializando WhatsApp client...","data":{},"timestamp":"2026-05-04T11:22:02.829Z"}
{"level":"INFO","message":"Chrome via puppeteer.executablePath(): C:\\Users\\teccr\\gestaocrosby\\backend\\.cache\\puppeteer\\chrome\\win64-146.0.7680.153\\chrome-win64\\chrome.exe","data":{},"timestamp":"2026-05-04T11:22:02.832Z"}
{"level":"INFO","message":"Chromium path: C:\\Users\\teccr\\gestaocrosby\\backend\\.cache\\puppeteer\\chrome\\win64-146.0.7680.153\\chrome-win64\\chrome.exe","data":{},"timestamp":"2026-05-04T11:22:02.834Z"}
‚Źį [faturamento-diario] Job agendado para 01:30 (America/Sao_Paulo) todos os dias
‚Źį [sync-leads-compras] Cron agendado: todo dia √†s 09:24 (America/Sao_Paulo)
ūüĒĄ [erp-cache] Nenhum cache em disco ‚ÄĒ iniciando pr√©-carga autom√°tica...
{"level":"INFO","message":"ūüĒź Gerando novo token TOTVS...","data":{},"timestamp":"2026-05-04T11:22:10.839Z"}
{"level":"INFO","message":"‚úÖ Token TOTVS gerado com sucesso","data":{},"timestamp":"2026-05-04T11:22:11.395Z"}
{"level":"INFO","message":"   Token expira em: 04/05/2026, 14:22:11","data":{},"timestamp":"2026-05-04T11:22:11.398Z"}
ūüöÄ [erp-data] Buscando clientes + branches em paralelo...
‚úÖ [erp-data] 1000 clientes carregados do Supabase
ūüŹĘ [erp-bg] 286 filiais carregadas (pool 1)
‚úÖ [erp-data] 558 vendedores mapeados (286 filiais)
ūüďä [erp-data] Buscando movimento fiscal 2025-06-01 ‚Üí 2026-05-04 (286 filiais)...
‚ĖĄ‚ĖĄ‚ĖĄ‚ĖĄ‚ĖĄ‚ĖĄ‚ĖĄ‚ĖĄ‚ĖĄ‚ĖĄ‚ĖĄ‚ĖĄ‚ĖĄ‚ĖĄ‚ĖĄ‚ĖĄ‚ĖĄ‚ĖĄ‚ĖĄ‚ĖĄ‚ĖĄ‚ĖĄ‚ĖĄ‚ĖĄ‚ĖĄ‚ĖĄ‚ĖĄ‚ĖĄ‚ĖĄ‚ĖĄ‚ĖĄ‚ĖĄ‚ĖĄ‚ĖĄ‚ĖĄ‚ĖĄ‚ĖĄ‚ĖĄ‚ĖĄ‚ĖĄ‚ĖĄ‚ĖĄ‚ĖĄ‚ĖĄ‚ĖĄ‚ĖĄ‚ĖĄ‚ĖĄ‚ĖĄ‚ĖĄ‚ĖĄ‚ĖĄ‚ĖĄ‚ĖĄ‚ĖĄ‚ĖĄ‚ĖĄ‚ĖĄ‚ĖĄ
‚Ėą ‚ĖĄ‚ĖĄ‚ĖĄ‚ĖĄ‚ĖĄ ‚Ėą‚ĖĄ‚Ėą  ‚Ėą‚ĖÄ‚ĖÄ ‚ĖĄ‚ĖĄ‚ĖĄ‚ĖÄ‚ĖĄ‚ĖĄ‚ĖĄ‚ĖÄ ‚ĖÄ ‚ĖÄ‚ĖĄ ‚ĖĄ ‚ĖĄ‚Ėą‚ĖĄ‚Ėą‚Ėą‚ĖÄ‚ĖĄ ‚ĖĄ‚Ėą ‚ĖĄ‚ĖÄ ‚ĖĄ ‚Ėą‚Ėą ‚ĖĄ‚ĖĄ‚ĖĄ‚ĖĄ‚ĖĄ ‚Ėą
‚Ėą ‚Ėą   ‚Ėą ‚Ėą‚Ėą‚Ėą‚ĖĄ ‚Ėą‚ĖÄ‚ĖÄ ‚ĖÄ‚ĖÄ ‚Ėą‚ĖÄ‚ĖĄ‚ĖÄ‚ĖÄ‚ĖÄ ‚ĖÄ‚ĖÄ‚ĖÄ‚ĖÄ ‚ĖÄ ‚ĖÄ ‚ĖĄ‚ĖÄ‚ĖÄ‚ĖĄ ‚ĖÄ‚Ėą‚ĖÄ‚ĖÄ‚ĖÄ‚ĖĄ‚ĖĄ ‚Ėą‚Ėą ‚Ėą   ‚Ėą ‚Ėą
‚Ėą ‚Ėą‚ĖĄ‚ĖĄ‚ĖĄ‚Ėą ‚Ėą‚Ėą‚ĖĄ‚ĖÄ‚ĖÄ‚ĖĄ ‚Ėą ‚ĖÄ‚ĖĄ‚ĖÄ‚ĖĄ‚ĖÄ‚Ėą ‚ĖĄ ‚Ėą ‚ĖĄ‚ĖĄ‚ĖĄ ‚ĖÄ‚ĖĄ‚ĖÄ‚ĖÄ‚Ėą‚ĖĄ‚ĖĄ ‚ĖÄ‚Ėą‚ĖĄ‚ĖĄ‚ĖĄ‚ĖĄ‚Ėą‚ĖÄ‚ĖĄ‚Ėą‚Ėą ‚Ėą‚ĖĄ‚ĖĄ‚ĖĄ‚Ėą ‚Ėą
‚Ėą‚ĖĄ‚ĖĄ‚ĖĄ‚ĖĄ‚ĖĄ‚ĖĄ‚ĖĄ‚Ėą ‚Ėą ‚Ėą‚ĖĄ‚ĖÄ ‚Ėą‚ĖĄ‚Ėą‚ĖĄ‚Ėą‚ĖĄ‚ĖÄ‚ĖĄ‚Ėą ‚ĖÄ ‚Ėą‚ĖĄ‚Ėą ‚Ėą ‚ĖÄ ‚ĖÄ‚ĖĄ‚ĖÄ‚ĖĄ‚ĖÄ ‚Ėą‚ĖĄ‚Ėą‚ĖĄ‚ĖÄ‚ĖĄ‚ĖÄ‚ĖĄ‚Ėą‚ĖĄ‚ĖĄ‚ĖĄ‚ĖĄ‚ĖĄ‚ĖĄ‚ĖĄ‚Ėą
‚Ėą‚ĖĄ ‚Ėą ‚ĖĄ‚ĖÄ‚ĖĄ‚ĖÄ‚ĖÄ‚ĖÄ‚ĖĄ‚Ėą‚ĖĄ‚ĖÄ‚ĖÄ   ‚ĖĄ‚Ėą ‚Ėą‚ĖĄ  ‚Ėą‚ĖĄ     ‚ĖÄ‚Ėą ‚ĖÄ ‚ĖÄ‚ĖÄ‚Ėą ‚ĖÄ ‚ĖĄ‚Ėą‚ĖÄ   ‚ĖÄ ‚ĖÄ‚Ėą‚Ėą‚ĖÄ‚Ėą‚ĖĄ‚Ėą
‚Ėą‚ĖĄ‚ĖÄ‚Ėą‚ĖÄ‚Ėą‚ĖĄ‚ĖĄ‚Ėą‚Ėą‚ĖĄ‚ĖÄ‚ĖĄ‚ĖĄ‚ĖĄ‚ĖÄ‚ĖĄ ‚ĖĄ ‚ĖÄ ‚Ėą‚ĖĄ‚ĖĄ‚Ėą‚ĖÄ‚Ėą‚ĖÄ ‚Ėą‚ĖĄ‚ĖÄ   ‚ĖÄ‚ĖÄ  ‚Ėą‚ĖÄ‚Ėą‚ĖÄ‚Ėą‚ĖĄ‚ĖÄ‚ĖÄ‚ĖĄ‚ĖÄ‚ĖĄ‚Ėą‚ĖÄ‚ĖÄ‚ĖĄ‚ĖÄ ‚ĖĄ‚Ėą
‚Ėą‚ĖÄ ‚Ėą‚Ėą‚ĖĄ‚ĖĄ‚ĖĄ ‚ĖĄ‚Ėą‚ĖĄ‚ĖÄ ‚ĖÄ‚ĖÄ‚ĖÄ‚ĖĄ  ‚Ėą‚ĖÄ‚Ėą‚Ėą  ‚ĖÄ‚Ėą‚Ėą‚ĖĄ ‚Ėą‚ĖĄ‚ĖĄ ‚ĖĄ‚Ėą‚ĖĄ‚ĖĄ ‚ĖÄ ‚ĖĄ‚ĖÄ‚ĖÄ  ‚ĖĄ ‚ĖÄ‚ĖĄ ‚ĖÄ   ‚Ėą‚ĖĄ‚Ėą
‚Ėą‚ĖÄ‚Ėą ‚ĖÄ‚ĖÄ‚ĖĄ‚ĖĄ‚ĖÄ ‚ĖÄ‚Ėą‚ĖÄ‚ĖÄ‚ĖĄ‚ĖÄ‚Ėą‚ĖÄ   ‚ĖÄ‚ĖĄ‚Ėą ‚Ėą  ‚Ėą ‚Ėą  ‚Ėą‚Ėą‚Ėą‚Ėą ‚ĖĄ ‚Ėą‚ĖÄ‚ĖÄ‚Ėą‚ĖĄ‚ĖÄ‚Ėą‚ĖÄ‚ĖĄ‚ĖĄ‚ĖĄ ‚ĖĄ‚ĖĄ  ‚ĖĄ‚Ėą‚Ėą
‚Ėą‚Ėą‚Ėą‚Ėą‚ĖĄ‚ĖÄ ‚ĖĄ‚Ėą‚ĖĄ‚Ėą‚ĖÄ‚ĖÄ‚ĖÄ‚ĖĄ‚ĖĄ‚ĖÄ ‚ĖĄ‚ĖĄ‚ĖĄ‚Ėą‚ĖÄ‚Ėą‚ĖÄ‚ĖÄ‚ĖĄ‚ĖÄ‚Ėą‚ĖĄ‚Ėą  ‚ĖĄ‚Ėą‚ĖÄ‚ĖÄ  ‚Ėą‚ĖÄ‚Ėą ‚ĖÄ‚ĖĄ ‚ĖÄ ‚ĖÄ‚ĖÄ ‚ĖĄ‚ĖÄ‚ĖÄ‚Ėą ‚ĖÄ‚ĖĄ‚Ėą
‚Ėą‚ĖÄ‚Ėą ‚ĖĄ‚ĖÄ‚ĖÄ‚ĖĄ‚ĖĄ‚ĖĄ‚ĖÄ ‚ĖÄ‚Ėą‚ĖĄ  ‚ĖÄ ‚ĖĄ‚Ėą‚Ėą‚ĖĄ‚Ėą‚ĖĄ‚ĖĄ‚Ėą‚ĖÄ‚Ėą‚ĖÄ‚ĖÄ‚ĖÄ‚ĖĄ‚ĖĄ‚ĖÄ‚Ėą‚Ėą‚ĖĄ‚ĖĄ‚Ėą‚Ėą‚Ėą‚Ėą‚ĖÄ‚ĖĄ‚Ėą  ‚ĖĄ ‚ĖĄ‚ĖÄ‚ĖÄ‚ĖĄ‚Ėą‚ĖÄ‚Ėą ‚Ėą
‚Ėą‚Ėą  ‚Ėą ‚ĖÄ‚ĖĄ‚ĖĄ ‚Ėą‚Ėą‚Ėą‚Ėą ‚ĖÄ ‚ĖĄ‚ĖÄ‚ĖĄ‚Ėą‚ĖÄ‚Ėą‚ĖĄ‚ĖÄ‚ĖĄ‚ĖÄ‚ĖĄ‚Ėą  ‚ĖÄ‚ĖĄ‚ĖÄ ‚ĖÄ‚ĖĄ‚ĖĄ‚ĖÄ ‚Ėą‚ĖĄ‚ĖÄ‚ĖÄ‚ĖĄ‚Ėą  ‚ĖĄ‚ĖÄ‚ĖÄ‚ĖÄ‚ĖÄ ‚ĖĄ‚Ėą‚ĖÄ‚ĖĄ‚Ėą
‚Ėą‚Ėą‚ĖĄ‚ĖÄ‚ĖÄ‚ĖÄ ‚ĖĄ‚ĖÄ ‚ĖÄ‚Ėą‚Ėą‚Ėą‚ĖÄ‚Ėą ‚ĖĄ‚ĖĄ‚ĖĄ‚ĖĄ‚ĖĄ ‚Ėą‚ĖĄ‚Ėą‚ĖÄ‚ĖÄ‚ĖĄ‚ĖÄ  ‚ĖĄ‚Ėą‚ĖÄ‚Ėą ‚ĖÄ‚ĖĄ ‚ĖÄ ‚ĖĄ‚ĖÄ‚Ėą‚ĖĄ‚ĖĄ‚ĖĄ ‚ĖĄ‚ĖÄ‚ĖĄ‚ĖÄ‚Ėą‚Ėą ‚ĖÄ ‚Ėą
‚Ėą‚ĖÄ‚ĖĄ‚Ėą  ‚Ėą‚ĖĄ ‚Ėą  ‚ĖĄ ‚ĖÄ‚ĖĄ‚ĖÄ‚ĖĄ ‚ĖĄ ‚ĖÄ‚ĖĄ  ‚ĖÄ ‚ĖĄ‚ĖÄ ‚ĖÄ ‚ĖÄ‚Ėą‚ĖĄ‚ĖĄ‚ĖÄ  ‚ĖÄ‚Ėą‚ĖĄ‚ĖÄ ‚Ėą‚ĖĄ‚ĖĄ‚ĖĄ‚ĖÄ  ‚ĖÄ‚ĖĄ ‚ĖĄ‚ĖÄ‚ĖÄ‚Ėą‚Ėą
‚Ėą‚ĖÄ ‚Ėą  ‚ĖĄ‚ĖĄ‚ĖĄ ‚Ėą‚Ėą‚ĖÄ ‚Ėą‚Ėą ‚ĖÄ‚ĖĄ‚Ėą‚ĖÄ‚Ėą  ‚Ėą‚ĖĄ‚Ėą ‚ĖĄ‚ĖĄ‚ĖĄ ‚Ėą‚ĖĄ‚ĖÄ‚ĖÄ‚Ėą‚Ėą  ‚ĖĄ ‚Ėą‚ĖĄ ‚ĖĄ‚Ėą‚ĖÄ‚ĖĄ ‚ĖĄ‚ĖĄ‚ĖĄ ‚ĖÄ ‚ĖÄ‚Ėą‚Ėą
‚Ėą ‚Ėą‚ĖÄ‚ĖÄ ‚Ėą‚ĖĄ‚Ėą ‚ĖĄ ‚ĖÄ‚ĖĄ‚ĖÄ‚ĖĄ  ‚ĖÄ‚ĖÄ ‚Ėą ‚ĖÄ ‚ĖÄ‚ĖÄ ‚Ėą‚ĖĄ‚Ėą  ‚ĖĄ ‚ĖÄ‚ĖÄ ‚ĖÄ‚Ėą‚ĖÄ‚Ėą‚Ėą‚ĖÄ‚Ėą‚ĖĄ‚ĖÄ ‚ĖĄ ‚Ėą‚ĖĄ‚Ėą ‚ĖÄ‚ĖÄ‚ĖÄ ‚Ėą
‚Ėą‚Ėą‚ĖĄ‚ĖÄ   ‚ĖĄ ‚ĖĄ‚ĖĄ‚ĖĄ‚ĖÄ‚Ėą‚ĖÄ‚Ėą‚Ėą‚ĖÄ ‚ĖĄ‚ĖÄ‚ĖĄ‚Ėą ‚Ėą   ‚ĖĄ‚ĖĄ ‚ĖĄ‚ĖÄ‚Ėą‚ĖÄ  ‚Ėą‚Ėą‚Ėą‚ĖĄ‚ĖÄ‚ĖÄ‚ĖÄ‚ĖĄ‚ĖĄ ‚ĖĄ‚ĖÄ ‚ĖĄ‚ĖĄ  ‚ĖÄ ‚ĖÄ‚ĖĄ‚Ėą
‚Ėą‚ĖÄ‚Ėą‚ĖĄ‚Ėą‚Ėą‚ĖĄ‚ĖĄ‚ĖĄ‚ĖĄ ‚ĖĄ‚ĖÄ  ‚ĖÄ  ‚ĖĄ   ‚ĖÄ‚ĖĄ‚ĖÄ ‚ĖĄ‚Ėą‚ĖÄ‚ĖÄ‚ĖÄ ‚ĖÄ‚ĖÄ‚Ėą ‚ĖÄ ‚ĖÄ ‚ĖĄ‚ĖĄ  ‚Ėą‚ĖÄ  ‚Ėą‚ĖÄ ‚ĖÄ  ‚Ėą ‚ĖĄ‚Ėą‚Ėą
‚Ėą   ‚ĖÄ ‚ĖĄ‚ĖĄ ‚ĖĄ‚ĖÄ‚Ėą‚ĖĄ ‚ĖĄ‚ĖÄ  ‚ĖÄ‚ĖĄ‚ĖĄ‚Ėą ‚Ėą ‚Ėą‚ĖĄ‚ĖÄ‚Ėą‚Ėą‚ĖĄ ‚Ėą‚ĖÄ  ‚Ėą‚ĖĄ‚ĖĄ‚Ėą‚ĖĄ‚ĖĄ ‚ĖĄ ‚ĖĄ ‚ĖÄ‚ĖĄ‚ĖÄ‚ĖÄ ‚ĖĄ‚ĖĄ‚ĖĄ‚ĖÄ‚ĖĄ‚ĖĄ‚Ėą
‚Ėą  ‚Ėą‚ĖÄ‚ĖÄ‚ĖĄ‚ĖĄ‚ĖÄ   ‚ĖĄ‚Ėą‚ĖĄ‚Ėą‚Ėą‚ĖĄ ‚ĖĄ‚ĖĄ‚ĖĄ  ‚Ėą ‚ĖÄ‚Ėą‚Ėą‚ĖĄ ‚ĖĄ‚Ėą‚ĖĄ ‚Ėą‚ĖÄ ‚ĖĄ ‚Ėą‚ĖĄ  ‚Ėą  ‚ĖĄ ‚ĖÄ‚Ėą‚Ėą‚ĖÄ‚Ėą ‚Ėą ‚Ėą‚Ėą
‚Ėą ‚ĖĄ‚ĖĄ‚ĖÄ  ‚ĖĄ‚ĖĄ‚Ėą‚Ėą‚Ėą‚ĖÄ‚Ėą‚ĖÄ ‚Ėą ‚ĖÄ‚ĖĄ ‚ĖĄ‚ĖÄ‚Ėą‚ĖĄ ‚ĖĄ ‚Ėą ‚ĖÄ‚ĖĄ‚ĖÄ‚ĖÄ‚ĖĄ ‚ĖÄ‚ĖĄ‚ĖÄ‚ĖĄ ‚Ėą‚Ėą‚ĖÄ‚ĖĄ ‚ĖĄ‚ĖÄ ‚ĖÄ‚Ėą‚ĖÄ‚ĖÄ ‚ĖÄ‚ĖÄ‚Ėą ‚Ėą
‚Ėą‚ĖĄ‚ĖÄ‚ĖĄ‚ĖÄ ‚Ėą‚ĖĄ ‚ĖÄ‚ĖĄ ‚ĖĄ  ‚ĖĄ‚Ėą ‚Ėą ‚ĖĄ‚Ėą ‚Ėą‚ĖĄ ‚Ėą ‚ĖÄ  ‚ĖÄ‚ĖÄ‚ĖĄ‚Ėą‚ĖÄ ‚ĖĄ ‚Ėą‚ĖĄ‚ĖÄ‚Ėą‚ĖÄ‚ĖĄ‚ĖĄ‚ĖÄ ‚ĖĄ‚ĖĄ‚ĖĄ‚ĖĄ‚Ėą ‚ĖĄ ‚Ėą ‚Ėą
‚Ėą‚ĖĄ ‚ĖĄ‚ĖĄ‚ĖÄ‚ĖÄ‚ĖĄ‚Ėą‚ĖÄ‚ĖĄ‚Ėą‚ĖÄ‚Ėą‚ĖÄ‚ĖÄ ‚ĖÄ  ‚ĖÄ‚ĖĄ‚Ėą‚ĖÄ‚Ėą ‚ĖĄ‚ĖĄ‚ĖÄ‚Ėą‚Ėą   ‚ĖĄ ‚Ėą‚ĖÄ‚ĖĄ‚ĖÄ‚ĖĄ‚ĖÄ‚ĖÄ ‚ĖĄ‚ĖÄ‚ĖÄ ‚ĖĄ‚Ėą ‚ĖĄ‚Ėą‚ĖĄ  ‚ĖÄ‚ĖĄ‚Ėą
‚Ėą‚ĖÄ‚ĖÄ‚ĖĄ‚ĖĄ ‚Ėą‚ĖĄ  ‚ĖÄ ‚ĖĄ ‚ĖĄ‚Ėą ‚ĖÄ‚ĖÄ ‚ĖÄ ‚Ėą‚ĖÄ ‚ĖÄ‚Ėą‚ĖÄ‚ĖÄ   ‚ĖÄ‚ĖÄ‚ĖÄ  ‚ĖĄ‚ĖĄ ‚ĖĄ ‚ĖÄ ‚Ėą‚ĖÄ‚ĖÄ ‚ĖÄ‚ĖÄ‚ĖÄ‚ĖÄ ‚ĖÄ‚ĖÄ‚Ėą ‚ĖĄ‚Ėą
‚Ėą ‚ĖÄ ‚ĖÄ‚ĖÄ‚ĖĄ‚ĖĄ‚ĖĄ‚Ėą ‚ĖĄ‚Ėą‚ĖÄ‚Ėą‚Ėą‚ĖĄ‚ĖĄ‚ĖÄ‚ĖÄ‚ĖĄ‚Ėą ‚Ėą ‚ĖĄ‚ĖĄ‚ĖÄ‚ĖĄ ‚ĖĄ‚ĖĄ‚ĖĄ‚ĖĄ ‚ĖĄ‚ĖÄ ‚Ėą‚Ėą ‚ĖĄ‚ĖĄ‚ĖÄ‚ĖĄ ‚ĖĄ‚ĖÄ‚ĖÄ‚Ėą‚ĖĄ‚ĖĄ‚ĖÄ‚Ėą‚ĖĄ ‚Ėą‚ĖĄ‚Ėą
‚Ėą‚Ėą‚Ėą‚Ėą‚Ėą‚Ėą‚Ėą‚ĖĄ‚Ėą ‚ĖÄ‚ĖĄ ‚ĖÄ‚ĖÄ‚ĖĄ ‚Ėą‚ĖÄ‚ĖĄ‚Ėą‚ĖÄ‚ĖÄ‚ĖĄ ‚ĖÄ  ‚ĖĄ‚ĖĄ‚ĖĄ ‚Ėą  ‚ĖĄ‚Ėą‚ĖĄ‚ĖĄ‚ĖÄ‚ĖÄ ‚Ėą ‚Ėą‚ĖĄ‚ĖÄ‚Ėą  ‚ĖĄ‚ĖĄ‚ĖĄ  ‚ĖÄ‚ĖĄ ‚Ėą
‚Ėą ‚ĖĄ‚ĖĄ‚ĖĄ‚ĖĄ‚ĖĄ ‚Ėą‚Ėą  ‚ĖĄ‚ĖĄ‚Ėą‚Ėą‚ĖÄ‚ĖÄ  ‚ĖÄ‚ĖÄ‚ĖĄ‚ĖÄ‚Ėą‚Ėą‚Ėą ‚Ėą‚ĖĄ‚Ėą  ‚ĖĄ ‚Ėą ‚ĖĄ ‚ĖÄ‚ĖĄ‚ĖĄ‚ĖĄ‚ĖÄ‚ĖĄ‚Ėą‚ĖÄ‚ĖÄ‚ĖĄ ‚Ėą‚ĖĄ‚Ėą   ‚Ėą‚ĖÄ‚Ėą
‚Ėą ‚Ėą   ‚Ėą ‚Ėą   ‚Ėą‚ĖÄ‚ĖÄ  ‚Ėą‚ĖÄ ‚ĖĄ‚ĖĄ ‚Ėą‚ĖĄ‚ĖĄ‚ĖĄ‚ĖĄ ‚ĖĄ‚ĖĄ‚ĖĄ ‚ĖĄ‚ĖÄ‚ĖÄ‚Ėą‚ĖĄ ‚Ėą‚ĖÄ‚ĖÄ‚ĖĄ‚ĖÄ ‚ĖĄ  ‚ĖÄ‚ĖĄ ‚ĖĄ‚ĖĄ   ‚Ėą‚Ėą‚Ėą
‚Ėą ‚Ėą‚ĖĄ‚ĖĄ‚ĖĄ‚Ėą ‚Ėą‚ĖÄ‚ĖĄ  ‚Ėą‚ĖĄ‚ĖÄ ‚ĖÄ  ‚ĖÄ ‚ĖĄ  ‚Ėą‚ĖĄ‚Ėą‚Ėą  ‚Ėą‚ĖÄ‚ĖÄ‚ĖÄ‚ĖÄ‚Ėą‚Ėą‚ĖĄ‚ĖÄ‚ĖÄ‚Ėą‚ĖÄ‚ĖÄ‚Ėą ‚ĖĄ‚ĖĄ ‚ĖĄ‚Ėą‚ĖÄ‚ĖÄ  ‚ĖÄ  ‚Ėą
‚Ėą‚ĖĄ‚ĖĄ‚ĖĄ‚ĖĄ‚ĖĄ‚ĖĄ‚ĖĄ‚Ėą‚ĖĄ‚Ėą‚Ėą‚Ėą‚Ėą‚Ėą‚Ėą‚ĖĄ‚ĖĄ‚ĖĄ‚ĖĄ‚ĖĄ‚Ėą‚Ėą‚ĖĄ‚ĖĄ‚Ėą‚ĖĄ‚Ėą‚ĖĄ‚ĖĄ‚Ėą‚ĖĄ‚Ėą‚ĖĄ‚ĖĄ‚Ėą‚ĖĄ‚ĖĄ‚Ėą‚ĖĄ‚Ėą‚ĖĄ‚ĖĄ‚ĖĄ‚Ėą‚Ėą‚Ėą‚ĖĄ‚Ėą‚ĖĄ‚ĖĄ‚Ėą‚Ėą‚ĖĄ‚Ėą‚Ėą‚Ėą‚Ėą‚Ėą

{"level":"INFO","message":"ūüďĪ QR Code gerado ‚ÄĒ escaneie com o WhatsApp","data":{},"timestamp":"2026-05-04T11:22:18.261Z"}
